TN:
SF:src/App.ts
FN:18,(anonymous_1)
FN:43,(anonymous_2)
FN:52,(anonymous_3)
FN:72,(anonymous_4)
FN:82,(anonymous_5)
FN:89,(anonymous_6)
FN:91,(anonymous_7)
FN:99,(anonymous_8)
FNF:8
FNH:7
FNDA:3,(anonymous_1)
FNDA:3,(anonymous_2)
FNDA:3,(anonymous_3)
FNDA:1,(anonymous_4)
FNDA:2,(anonymous_5)
FNDA:3,(anonymous_6)
FNDA:0,(anonymous_7)
FNDA:3,(anonymous_8)
DA:1,3
DA:2,3
DA:3,3
DA:4,3
DA:5,3
DA:6,3
DA:7,3
DA:8,3
DA:9,3
DA:10,3
DA:11,3
DA:13,3
DA:19,3
DA:20,3
DA:23,3
DA:26,3
DA:29,3
DA:32,3
DA:35,3
DA:36,3
DA:44,3
DA:45,3
DA:46,3
DA:56,3
DA:57,3
DA:58,3
DA:62,3
DA:69,3
DA:79,1
DA:86,2
DA:90,3
DA:92,0
DA:93,0
DA:94,0
DA:100,3
LF:35
LH:32
BRDA:35,0,0,3
BRF:1
BRH:1
end_of_record
TN:
SF:src/routes.ts
FN:9,registerRoutes
FNF:1
FNH:1
FNDA:3,registerRoutes
DA:1,3
DA:2,3
DA:3,3
DA:9,3
DA:10,3
DA:14,3
DA:15,3
DA:18,3
DA:19,3
DA:21,3
LF:10
LH:10
BRF:0
BRH:0
end_of_record
TN:
SF:src/abstractions/ApiError.ts
FN:19,(anonymous_0)
FNF:1
FNH:1
FNDA:2,(anonymous_0)
DA:13,2
DA:15,2
DA:20,2
DA:21,2
DA:22,2
DA:23,2
DA:27,4
LF:7
LH:7
BRDA:19,0,0,2
BRF:1
BRH:1
end_of_record
TN:
SF:src/components/BaseApi.ts
FN:11,(anonymous_1)
FN:22,(anonymous_2)
FNF:2
FNH:2
FNDA:7,(anonymous_1)
FNDA:6,(anonymous_2)
DA:1,4
DA:2,4
DA:3,4
DA:8,4
DA:12,7
DA:23,6
DA:24,6
DA:25,6
DA:26,6
DA:28,6
LF:10
LH:10
BRDA:22,0,0,6
BRDA:25,1,0,6
BRDA:25,2,0,6
BRDA:25,2,1,6
BRF:4
BRH:4
end_of_record
TN:
SF:src/components/enquiry/enquiry.controller.ts
FN:16,(anonymous_1)
FN:24,(anonymous_2)
FN:39,(anonymous_3)
FN:60,(anonymous_4)
FN:82,(anonymous_5)
FN:107,(anonymous_6)
FN:131,(anonymous_7)
FNF:7
FNH:2
FNDA:3,(anonymous_1)
FNDA:3,(anonymous_2)
FNDA:0,(anonymous_3)
FNDA:0,(anonymous_4)
FNDA:0,(anonymous_5)
FNDA:0,(anonymous_6)
FNDA:0,(anonymous_7)
DA:5,3
DA:6,3
DA:12,3
DA:17,3
DA:18,3
DA:25,3
DA:26,3
DA:27,3
DA:28,3
DA:29,3
DA:30,3
DA:44,0
DA:45,0
DA:46,0
DA:48,0
DA:50,0
DA:65,0
DA:66,0
DA:67,0
DA:68,0
DA:70,0
DA:72,0
DA:87,0
DA:88,0
DA:89,0
DA:90,0
DA:91,0
DA:95,0
DA:97,0
DA:112,0
DA:113,0
DA:114,0
DA:115,0
DA:119,0
DA:121,0
DA:136,0
DA:137,0
DA:138,0
DA:139,0
DA:143,0
DA:145,0
LF:41
LH:11
BRF:0
BRH:0
end_of_record
TN:
SF:src/components/enquiry/enquiry.service.ts
FN:7,(anonymous_1)
FN:14,(anonymous_2)
FN:19,(anonymous_3)
FN:23,(anonymous_4)
FN:30,(anonymous_5)
FN:36,(anonymous_6)
FNF:6
FNH:0
FNDA:0,(anonymous_1)
FNDA:0,(anonymous_2)
FNDA:0,(anonymous_3)
FNDA:0,(anonymous_4)
FNDA:0,(anonymous_5)
FNDA:0,(anonymous_6)
DA:1,3
DA:3,3
DA:5,3
DA:8,0
DA:11,0
DA:15,0
DA:19,0
DA:20,0
DA:24,0
DA:27,0
DA:31,0
DA:33,0
DA:37,0
DA:40,0
LF:14
LH:3
BRF:0
BRH:0
end_of_record
TN:
SF:src/components/system-status/system-status.controller.ts
FN:21,(anonymous_7)
FN:36,(anonymous_8)
FN:67,(anonymous_9)
FN:85,(anonymous_10)
FN:112,(anonymous_11)
FN:146,(anonymous_12)
FNF:6
FNH:6
FNDA:3,(anonymous_7)
FNDA:4,(anonymous_8)
FNDA:2,(anonymous_9)
FNDA:3,(anonymous_10)
FNDA:3,(anonymous_11)
FNDA:3,(anonymous_12)
DA:2,4
DA:3,4
DA:4,4
DA:5,4
DA:6,4
DA:17,4
DA:22,3
DA:23,3
DA:24,3
DA:25,3
DA:26,3
DA:27,3
DA:41,4
DA:42,4
DA:53,4
DA:55,4
DA:57,3
DA:68,2
DA:69,2
DA:75,2
DA:90,3
DA:91,3
DA:92,3
DA:95,3
DA:99,3
DA:100,3
DA:102,2
DA:117,3
DA:118,3
DA:119,3
DA:120,3
DA:122,3
DA:133,3
DA:134,3
DA:136,2
DA:151,3
DA:152,3
DA:161,3
DA:162,3
DA:164,2
LF:40
LH:40
BRF:0
BRH:0
end_of_record
TN:
SF:src/config/index.ts
FN:9,(anonymous_1)
FNF:1
FNH:1
FNDA:3,(anonymous_1)
DA:1,3
DA:2,3
DA:5,3
DA:9,3
DA:17,3
LF:5
LH:5
BRF:0
BRH:0
end_of_record
TN:
SF:src/database/index.ts
FN:4,(anonymous_7)
FN:17,getMigrationStatus
FNF:2
FNH:1
FNDA:3,(anonymous_7)
FNDA:0,getMigrationStatus
DA:1,3
DA:2,3
DA:4,3
DA:5,3
DA:6,3
DA:8,0
DA:11,3
DA:15,3
DA:17,3
DA:18,0
DA:19,0
DA:20,0
DA:26,3
LF:13
LH:9
BRDA:5,0,0,3
BRDA:5,0,1,0
BRDA:6,1,0,0
BRDA:6,1,1,0
BRDA:6,1,2,3
BRF:5
BRH:2
end_of_record
TN:
SF:src/database/knexfile.ts
FNF:0
FNH:0
DA:1,3
DA:3,3
DA:5,3
DA:24,3
LF:4
LH:4
BRF:0
BRH:0
end_of_record
TN:
SF:src/database/entities/enquiries.ts
FNF:0
FNH:0
DA:38,3
LF:1
LH:1
BRF:0
BRH:0
end_of_record
TN:
SF:src/lib/crypto.ts
FN:23,(anonymous_6)
FN:71,(anonymous_7)
FNF:2
FNH:2
FNDA:14,(anonymous_6)
FNDA:3,(anonymous_7)
DA:1,5
DA:3,5
DA:5,5
DA:11,5
DA:15,5
DA:18,5
DA:21,5
DA:25,14
DA:26,14
DA:29,14
DA:32,14
DA:45,14
DA:52,14
DA:57,14
DA:60,14
DA:63,14
DA:68,14
DA:73,3
DA:74,3
DA:78,3
DA:81,3
DA:90,3
DA:96,3
DA:99,3
DA:102,3
DA:105,3
DA:111,3
DA:115,3
DA:118,3
LF:29
LH:29
BRF:0
BRH:0
end_of_record
TN:
SF:src/lib/logger.ts
FNF:0
FNH:0
DA:1,4
DA:3,4
DA:5,4
DA:7,4
DA:8,1
DA:11,4
DA:19,4
LF:7
LH:7
BRDA:7,0,0,1
BRF:1
BRH:1
end_of_record
TN:
SF:src/middleware/error-handler.ts
FN:8,(anonymous_7)
FNF:1
FNH:1
FNDA:5,(anonymous_7)
DA:1,3
DA:3,3
DA:5,3
DA:6,3
DA:8,3
DA:14,5
DA:15,5
DA:16,5
DA:22,5
DA:29,5
DA:30,5
DA:32,5
DA:33,5
DA:35,5
DA:38,3
LF:15
LH:15
BRDA:14,0,0,5
BRDA:15,1,0,5
BRDA:15,1,1,1
BRDA:24,2,0,5
BRDA:24,2,1,4
BRDA:29,3,0,5
BRDA:29,4,0,5
BRDA:29,4,1,5
BRF:8
BRH:8
end_of_record
