TN:
SF:src/abstractions/ApiError.ts
FN:19,(anonymous_0)
FNF:1
FNH:1
FNDA:1,(anonymous_0)
DA:13,1
DA:15,1
DA:20,1
DA:21,1
DA:22,1
DA:23,1
DA:27,1
LF:7
LH:7
BRDA:19,0,0,1
BRF:1
BRH:1
end_of_record
TN:
SF:src/components/BaseApi.ts
FN:11,(anonymous_1)
FN:22,(anonymous_2)
FNF:2
FNH:2
FNDA:1,(anonymous_1)
FNDA:2,(anonymous_2)
DA:1,1
DA:2,1
DA:3,1
DA:8,1
DA:12,1
DA:23,2
DA:24,2
DA:25,2
DA:26,1
DA:28,2
LF:10
LH:10
BRDA:22,0,0,2
BRDA:25,1,0,1
BRDA:25,2,0,2
BRDA:25,2,1,2
BRF:4
BRH:4
end_of_record
TN:
SF:src/components/system-status/system-status.controller.ts
FN:21,(anonymous_7)
FN:36,(anonymous_8)
FN:67,(anonymous_9)
FN:85,(anonymous_10)
FN:112,(anonymous_11)
FN:146,(anonymous_12)
FNF:6
FNH:5
FNDA:0,(anonymous_7)
FNDA:3,(anonymous_8)
FNDA:1,(anonymous_9)
FNDA:2,(anonymous_10)
FNDA:2,(anonymous_11)
FNDA:2,(anonymous_12)
DA:2,1
DA:3,1
DA:4,1
DA:5,1
DA:6,1
DA:17,1
DA:22,0
DA:23,0
DA:24,0
DA:25,0
DA:26,0
DA:27,0
DA:41,3
DA:42,3
DA:53,3
DA:55,3
DA:57,3
DA:68,1
DA:69,1
DA:75,1
DA:90,2
DA:91,2
DA:92,2
DA:95,2
DA:99,2
DA:100,2
DA:102,2
DA:117,2
DA:118,2
DA:119,2
DA:120,2
DA:122,2
DA:133,2
DA:134,2
DA:136,2
DA:151,2
DA:152,2
DA:161,2
DA:162,2
DA:164,2
LF:40
LH:34
BRF:0
BRH:0
end_of_record
TN:
SF:src/lib/crypto.ts
FN:23,(anonymous_6)
FN:71,(anonymous_7)
FNF:2
FNH:2
FNDA:4,(anonymous_6)
FNDA:3,(anonymous_7)
DA:1,2
DA:3,2
DA:5,2
DA:11,2
DA:15,2
DA:18,2
DA:21,2
DA:25,4
DA:26,4
DA:29,4
DA:32,4
DA:45,4
DA:52,4
DA:57,4
DA:60,4
DA:63,4
DA:68,4
DA:73,3
DA:74,3
DA:78,3
DA:81,3
DA:90,3
DA:96,3
DA:99,3
DA:102,3
DA:105,3
DA:111,3
DA:115,3
DA:118,3
LF:29
LH:29
BRF:0
BRH:0
end_of_record
TN:
SF:src/lib/logger.ts
FNF:0
FNH:0
DA:1,1
DA:3,1
DA:5,1
DA:7,1
DA:8,0
DA:11,1
DA:19,1
LF:7
LH:6
BRDA:7,0,0,0
BRF:1
BRH:0
end_of_record
